<?xml version="1.0" encoding="UTF-8"?>
<!-- Generated by org.testng.reporters.JUnitXMLReporter -->
<testsuite hostname="Shiv-X542UQ" name="Test" tests="1" failures="0" timestamp="8 Aug 2018 10:59:26 GMT" time="54.93" errors="0">
  <testcase name="@BeforeTest beforeTest" time="0.0" classname="example.NewTest">
    <failure type="org.openqa.selenium.WebDriverException" message="Failed to connect to binary FirefoxBinary(/usr/bin/firefox) on port 7055; process output follows: 
gistering shutdown blocker for GMPProvider
1533725921602	addons.manager	DEBUG	Provider finished startup: GMPProvider
1533725921602	addons.manager	DEBUG	Starting provider: PluginProvider
1533725921602	addons.manager	DEBUG	Registering shutdown blocker for PluginProvider
1533725921602	addons.manager	DEBUG	Provider finished startup: PluginProvider
1533725921602	addons.manager	DEBUG	Completed startup sequence
1533725921798	addons.manager	DEBUG	Starting provider: PreviousExperimentProvider
1533725921798	addons.manager	DEBUG	Registering shutdown blocker for PreviousExperimentProvider
1533725921799	addons.manager	DEBUG	Provider finished startup: PreviousExperimentProvider
1533725923969	addons.xpi-utils	DEBUG	Starting async load of XPI database /tmp/anonymous7437909877207099967webdriver-profile/extensions.json
1533725924028	addons.xpi	DEBUG	Ignoring file entry whose name is not a valid add-on ID: /tmp/anonymous7437909877207099967webdriver-profile/extensions/webdriver-staging
1533725924029	addons.xpi	INFO	Mapping fxdriver@googlecode.com to /tmp/anonymous7437909877207099967webdriver-profile/extensions/fxdriver@googlecode.com
1533725924029	addons.xpi	DEBUG	Existing add-on fxdriver@googlecode.com in app-profile
1533725924032	addons.xpi	INFO	Mapping activity-stream@mozilla.org to /usr/lib/firefox/browser/features/activity-stream@mozilla.org.xpi
1533725924032	addons.xpi	INFO	Mapping aushelper@mozilla.org to /usr/lib/firefox/browser/features/aushelper@mozilla.org.xpi
1533725924032	addons.xpi	INFO	Mapping firefox@getpocket.com to /usr/lib/firefox/browser/features/firefox@getpocket.com.xpi
1533725924032	addons.xpi	INFO	Mapping followonsearch@mozilla.com to /usr/lib/firefox/browser/features/followonsearch@mozilla.com.xpi
1533725924032	addons.xpi	INFO	Mapping formautofill@mozilla.org to /usr/lib/firefox/browser/features/formautofill@mozilla.org.xpi
1533725924032	addons.xpi	INFO	Mapping onboarding@mozilla.org to /usr/lib/firefox/browser/features/onboarding@mozilla.org.xpi
1533725924032	addons.xpi	INFO	Mapping screenshots@mozilla.org to /usr/lib/firefox/browser/features/screenshots@mozilla.org.xpi
1533725924032	addons.xpi	INFO	Mapping webcompat@mozilla.org to /usr/lib/firefox/browser/features/webcompat@mozilla.org.xpi
1533725924035	addons.xpi	DEBUG	Existing add-on activity-stream@mozilla.org in app-system-defaults
1533725924036	addons.xpi	DEBUG	Existing add-on aushelper@mozilla.org in app-system-defaults
1533725924036	addons.xpi	DEBUG	Existing add-on firefox@getpocket.com in app-system-defaults
1533725924036	addons.xpi	DEBUG	Existing add-on followonsearch@mozilla.com in app-system-defaults
1533725924036	addons.xpi	DEBUG	Existing add-on formautofill@mozilla.org in app-system-defaults
1533725924036	addons.xpi	DEBUG	Existing add-on onboarding@mozilla.org in app-system-defaults
1533725924037	addons.xpi	DEBUG	Existing add-on screenshots@mozilla.org in app-system-defaults
1533725924037	addons.xpi	DEBUG	Existing add-on webcompat@mozilla.org in app-system-defaults
1533725924037	addons.xpi	INFO	Mapping langpack-en-GB@firefox.mozilla.org to /usr/lib/firefox/browser/extensions/langpack-en-GB@firefox.mozilla.org.xpi
1533725924038	addons.xpi	INFO	Mapping langpack-en-ZA@firefox.mozilla.org to /usr/lib/firefox/browser/extensions/langpack-en-ZA@firefox.mozilla.org.xpi
1533725924038	addons.xpi	INFO	Mapping {972ce4c6-7e08-4474-a285-3208198ce6fd} to /usr/lib/firefox/browser/extensions/{972ce4c6-7e08-4474-a285-3208198ce6fd}.xpi
1533725924038	addons.xpi	DEBUG	Existing add-on langpack-en-GB@firefox.mozilla.org in app-global
1533725924038	addons.xpi	DEBUG	Existing add-on langpack-en-ZA@firefox.mozilla.org in app-global
1533725924038	addons.xpi	DEBUG	Existing add-on {972ce4c6-7e08-4474-a285-3208198ce6fd} in app-global
1533725924039	addons.xpi	DEBUG	getInstallState changed: false, state: {}
1533725924140	addons.xpi-utils	DEBUG	Async JSON file read took 0 MS
1533725924140	addons.xpi-utils	DEBUG	Finished async read of XPI database, parsing...
1533725924145	addons.xpi-utils	DEBUG	Successfully read XPI database
*** Blocklist::_preloadBlocklistFile: blocklist is disabled

Build info: version: &amp;apos;2.45.0&amp;apos;, revision: &amp;apos;5017cb8e7ca8e37638dc3091b2440b90a1d8686f&amp;apos;, time: &amp;apos;2015-02-27 09:10:26&amp;apos;
System info: host: &amp;apos;Shiv-X542UQ&amp;apos;, ip: &amp;apos;127.0.1.1&amp;apos;, os.name: &amp;apos;Linux&amp;apos;, os.arch: &amp;apos;amd64&amp;apos;, os.version: &amp;apos;4.4.0-124-generic&amp;apos;, java.version: &amp;apos;1.8.0_171&amp;apos;
Driver info: driver.version: FirefoxDriver">
      <![CDATA[org.openqa.selenium.WebDriverException: Failed to connect to binary FirefoxBinary(/usr/bin/firefox) on port 7055; process output follows: 
gistering shutdown blocker for GMPProvider
1533725921602	addons.manager	DEBUG	Provider finished startup: GMPProvider
1533725921602	addons.manager	DEBUG	Starting provider: PluginProvider
1533725921602	addons.manager	DEBUG	Registering shutdown blocker for PluginProvider
1533725921602	addons.manager	DEBUG	Provider finished startup: PluginProvider
1533725921602	addons.manager	DEBUG	Completed startup sequence
1533725921798	addons.manager	DEBUG	Starting provider: PreviousExperimentProvider
1533725921798	addons.manager	DEBUG	Registering shutdown blocker for PreviousExperimentProvider
1533725921799	addons.manager	DEBUG	Provider finished startup: PreviousExperimentProvider
1533725923969	addons.xpi-utils	DEBUG	Starting async load of XPI database /tmp/anonymous7437909877207099967webdriver-profile/extensions.json
1533725924028	addons.xpi	DEBUG	Ignoring file entry whose name is not a valid add-on ID: /tmp/anonymous7437909877207099967webdriver-profile/extensions/webdriver-staging
1533725924029	addons.xpi	INFO	Mapping fxdriver@googlecode.com to /tmp/anonymous7437909877207099967webdriver-profile/extensions/fxdriver@googlecode.com
1533725924029	addons.xpi	DEBUG	Existing add-on fxdriver@googlecode.com in app-profile
1533725924032	addons.xpi	INFO	Mapping activity-stream@mozilla.org to /usr/lib/firefox/browser/features/activity-stream@mozilla.org.xpi
1533725924032	addons.xpi	INFO	Mapping aushelper@mozilla.org to /usr/lib/firefox/browser/features/aushelper@mozilla.org.xpi
1533725924032	addons.xpi	INFO	Mapping firefox@getpocket.com to /usr/lib/firefox/browser/features/firefox@getpocket.com.xpi
1533725924032	addons.xpi	INFO	Mapping followonsearch@mozilla.com to /usr/lib/firefox/browser/features/followonsearch@mozilla.com.xpi
1533725924032	addons.xpi	INFO	Mapping formautofill@mozilla.org to /usr/lib/firefox/browser/features/formautofill@mozilla.org.xpi
1533725924032	addons.xpi	INFO	Mapping onboarding@mozilla.org to /usr/lib/firefox/browser/features/onboarding@mozilla.org.xpi
1533725924032	addons.xpi	INFO	Mapping screenshots@mozilla.org to /usr/lib/firefox/browser/features/screenshots@mozilla.org.xpi
1533725924032	addons.xpi	INFO	Mapping webcompat@mozilla.org to /usr/lib/firefox/browser/features/webcompat@mozilla.org.xpi
1533725924035	addons.xpi	DEBUG	Existing add-on activity-stream@mozilla.org in app-system-defaults
1533725924036	addons.xpi	DEBUG	Existing add-on aushelper@mozilla.org in app-system-defaults
1533725924036	addons.xpi	DEBUG	Existing add-on firefox@getpocket.com in app-system-defaults
1533725924036	addons.xpi	DEBUG	Existing add-on followonsearch@mozilla.com in app-system-defaults
1533725924036	addons.xpi	DEBUG	Existing add-on formautofill@mozilla.org in app-system-defaults
1533725924036	addons.xpi	DEBUG	Existing add-on onboarding@mozilla.org in app-system-defaults
1533725924037	addons.xpi	DEBUG	Existing add-on screenshots@mozilla.org in app-system-defaults
1533725924037	addons.xpi	DEBUG	Existing add-on webcompat@mozilla.org in app-system-defaults
1533725924037	addons.xpi	INFO	Mapping langpack-en-GB@firefox.mozilla.org to /usr/lib/firefox/browser/extensions/langpack-en-GB@firefox.mozilla.org.xpi
1533725924038	addons.xpi	INFO	Mapping langpack-en-ZA@firefox.mozilla.org to /usr/lib/firefox/browser/extensions/langpack-en-ZA@firefox.mozilla.org.xpi
1533725924038	addons.xpi	INFO	Mapping {972ce4c6-7e08-4474-a285-3208198ce6fd} to /usr/lib/firefox/browser/extensions/{972ce4c6-7e08-4474-a285-3208198ce6fd}.xpi
1533725924038	addons.xpi	DEBUG	Existing add-on langpack-en-GB@firefox.mozilla.org in app-global
1533725924038	addons.xpi	DEBUG	Existing add-on langpack-en-ZA@firefox.mozilla.org in app-global
1533725924038	addons.xpi	DEBUG	Existing add-on {972ce4c6-7e08-4474-a285-3208198ce6fd} in app-global
1533725924039	addons.xpi	DEBUG	getInstallState changed: false, state: {}
1533725924140	addons.xpi-utils	DEBUG	Async JSON file read took 0 MS
1533725924140	addons.xpi-utils	DEBUG	Finished async read of XPI database, parsing...
1533725924145	addons.xpi-utils	DEBUG	Successfully read XPI database
*** Blocklist::_preloadBlocklistFile: blocklist is disabled

Build info: version: '2.45.0', revision: '5017cb8e7ca8e37638dc3091b2440b90a1d8686f', time: '2015-02-27 09:10:26'
System info: host: 'Shiv-X542UQ', ip: '127.0.1.1', os.name: 'Linux', os.arch: 'amd64', os.version: '4.4.0-124-generic', java.version: '1.8.0_171'
Driver info: driver.version: FirefoxDriver
	at org.openqa.selenium.firefox.internal.NewProfileExtensionConnection.start(NewProfileExtensionConnection.java:130)
	at org.openqa.selenium.firefox.FirefoxDriver.startClient(FirefoxDriver.java:246)
	at org.openqa.selenium.remote.RemoteWebDriver.<init>(RemoteWebDriver.java:114)
	at org.openqa.selenium.firefox.FirefoxDriver.<init>(FirefoxDriver.java:191)
	at org.openqa.selenium.firefox.FirefoxDriver.<init>(FirefoxDriver.java:186)
	at org.openqa.selenium.firefox.FirefoxDriver.<init>(FirefoxDriver.java:182)
	at org.openqa.selenium.firefox.FirefoxDriver.<init>(FirefoxDriver.java:95)
	at example.NewTest.beforeTest(NewTest.java:22)
Caused by: org.openqa.selenium.firefox.NotConnectedException: Unable to connect to host 127.0.0.1 on port 7055 after 45000 ms. Firefox console output:
gistering shutdown blocker for GMPProvider
1533725921602	addons.manager	DEBUG	Provider finished startup: GMPProvider
1533725921602	addons.manager	DEBUG	Starting provider: PluginProvider
1533725921602	addons.manager	DEBUG	Registering shutdown blocker for PluginProvider
1533725921602	addons.manager	DEBUG	Provider finished startup: PluginProvider
1533725921602	addons.manager	DEBUG	Completed startup sequence
1533725921798	addons.manager	DEBUG	Starting provider: PreviousExperimentProvider
1533725921798	addons.manager	DEBUG	Registering shutdown blocker for PreviousExperimentProvider
1533725921799	addons.manager	DEBUG	Provider finished startup: PreviousExperimentProvider
1533725923969	addons.xpi-utils	DEBUG	Starting async load of XPI database /tmp/anonymous7437909877207099967webdriver-profile/extensions.json
1533725924028	addons.xpi	DEBUG	Ignoring file entry whose name is not a valid add-on ID: /tmp/anonymous7437909877207099967webdriver-profile/extensions/webdriver-staging
1533725924029	addons.xpi	INFO	Mapping fxdriver@googlecode.com to /tmp/anonymous7437909877207099967webdriver-profile/extensions/fxdriver@googlecode.com
1533725924029	addons.xpi	DEBUG	Existing add-on fxdriver@googlecode.com in app-profile
1533725924032	addons.xpi	INFO	Mapping activity-stream@mozilla.org to /usr/lib/firefox/browser/features/activity-stream@mozilla.org.xpi
1533725924032	addons.xpi	INFO	Mapping aushelper@mozilla.org to /usr/lib/firefox/browser/features/aushelper@mozilla.org.xpi
1533725924032	addons.xpi	INFO	Mapping firefox@getpocket.com to /usr/lib/firefox/browser/features/firefox@getpocket.com.xpi
1533725924032	addons.xpi	INFO	Mapping followonsearch@mozilla.com to /usr/lib/firefox/browser/features/followonsearch@mozilla.com.xpi
1533725924032	addons.xpi	INFO	Mapping formautofill@mozilla.org to /usr/lib/firefox/browser/features/formautofill@mozilla.org.xpi
1533725924032	addons.xpi	INFO	Mapping onboarding@mozilla.org to /usr/lib/firefox/browser/features/onboarding@mozilla.org.xpi
1533725924032	addons.xpi	INFO	Mapping screenshots@mozilla.org to /usr/lib/firefox/browser/features/screenshots@mozilla.org.xpi
1533725924032	addons.xpi	INFO	Mapping webcompat@mozilla.org to /usr/lib/firefox/browser/features/webcompat@mozilla.org.xpi
1533725924035	addons.xpi	DEBUG	Existing add-on activity-stream@mozilla.org in app-system-defaults
1533725924036	addons.xpi	DEBUG	Existing add-on aushelper@mozilla.org in app-system-defaults
1533725924036	addons.xpi	DEBUG	Existing add-on firefox@getpocket.com in app-system-defaults
1533725924036	addons.xpi	DEBUG	Existing add-on followonsearch@mozilla.com in app-system-defaults
1533725924036	addons.xpi	DEBUG	Existing add-on formautofill@mozilla.org in app-system-defaults
1533725924036	addons.xpi	DEBUG	Existing add-on onboarding@mozilla.org in app-system-defaults
1533725924037	addons.xpi	DEBUG	Existing add-on screenshots@mozilla.org in app-system-defaults
1533725924037	addons.xpi	DEBUG	Existing add-on webcompat@mozilla.org in app-system-defaults
1533725924037	addons.xpi	INFO	Mapping langpack-en-GB@firefox.mozilla.org to /usr/lib/firefox/browser/extensions/langpack-en-GB@firefox.mozilla.org.xpi
1533725924038	addons.xpi	INFO	Mapping langpack-en-ZA@firefox.mozilla.org to /usr/lib/firefox/browser/extensions/langpack-en-ZA@firefox.mozilla.org.xpi
1533725924038	addons.xpi	INFO	Mapping {972ce4c6-7e08-4474-a285-3208198ce6fd} to /usr/lib/firefox/browser/extensions/{972ce4c6-7e08-4474-a285-3208198ce6fd}.xpi
1533725924038	addons.xpi	DEBUG	Existing add-on langpack-en-GB@firefox.mozilla.org in app-global
1533725924038	addons.xpi	DEBUG	Existing add-on langpack-en-ZA@firefox.mozilla.org in app-global
1533725924038	addons.xpi	DEBUG	Existing add-on {972ce4c6-7e08-4474-a285-3208198ce6fd} in app-global
1533725924039	addons.xpi	DEBUG	getInstallState changed: false, state: {}
1533725924140	addons.xpi-utils	DEBUG	Async JSON file read took 0 MS
1533725924140	addons.xpi-utils	DEBUG	Finished async read of XPI database, parsing...
1533725924145	addons.xpi-utils	DEBUG	Successfully read XPI database
*** Blocklist::_preloadBlocklistFile: blocklist is disabled

	at org.openqa.selenium.firefox.internal.NewProfileExtensionConnection.start(NewProfileExtensionConnection.java:118)
	... 29 more
... Removed 22 stack frames]]>
    </failure>
  </testcase> <!-- @BeforeTest beforeTest -->
  <testcase name="@AfterTest afterTest" time="0.0" classname="example.NewTest">
    <skipped/>
  </testcase> <!-- @AfterTest afterTest -->
  <testcase name="testEasy" time="0.012" classname="example.NewTest">
    <skipped/>
  </testcase> <!-- testEasy -->
</testsuite> <!-- Test -->
